<?xml version="1.0" encoding="UTF-8"?>
<!-- Generated by org.testng.reporters.JUnitXMLReporter -->
<testsuite ignored="0" hostname="DESKTOP-I0JKDSF" failures="0" tests="4" name="testSuiteRozetka" time="65.805" errors="0" timestamp="11 сент. 2021 12:13:47 GMT">
  <testcase classname="labTest.SumVerifyTest" name="givenFilter_whenTheMostExpensiveProductAddedToCart_thenTotalPriceLessThanBound" time="45.692"/>
  <testcase classname="labTest.SumVerifyTest" name="givenFilter_whenTheMostExpensiveProductAddedToCart_thenTotalPriceLessThanBound" time="57.339"/>
  <testcase classname="labTest.SumVerifyTest" name="givenFilter_whenTheMostExpensiveProductAddedToCart_thenTotalPriceLessThanBound" time="58.766"/>
  <testcase classname="labTest.SumVerifyTest" name="givenFilter_whenTheMostExpensiveProductAddedToCart_thenTotalPriceLessThanBound" time="58.54"/>
</testsuite> <!-- testSuiteRozetka -->
